0 info it worked if it ends with ok
1 verbose cli [ '/usr/local/Cellar/node4-lts/4.5.0/bin/node',
1 verbose cli   '/usr/local/bin/npm',
1 verbose cli   'run',
1 verbose cli   'test' ]
2 info using npm@4.0.0
3 info using node@v4.5.0
4 verbose run-script [ 'pretest', 'test', 'posttest' ]
5 info lifecycle vincentp.me@1.0.0~pretest: vincentp.me@1.0.0
6 warn lifecycle The node binary used for scripts is /usr/local/bin/node but npm is using /usr/local/Cellar/node4-lts/4.5.0/bin/node itself. Use the `--scripts-prepend-node-path` option to include the path for the node binary npm was executed with.
7 silly lifecycle vincentp.me@1.0.0~pretest: no script for pretest, continuing
8 info lifecycle vincentp.me@1.0.0~test: vincentp.me@1.0.0
9 verbose lifecycle vincentp.me@1.0.0~test: unsafe-perm in lifecycle true
10 verbose lifecycle vincentp.me@1.0.0~test: PATH: /usr/local/lib/node_modules/npm/bin/node-gyp-bin:/Users/vincentpickering/Sites/personal/new/vincentp/node_modules/.bin:/Users/vincentpickering/.rbenv/shims:/Users/vincentpickering/.rbenv/bin:/usr/local/bin:/usr/local/sbin:/usr/bin:/bin:/usr/sbin:/sbin:/Users/vincentpickering/.rbenv/shims:/Users/vincentpickering/.rbenv/bin
11 verbose lifecycle vincentp.me@1.0.0~test: CWD: /Users/vincentpickering/Sites/personal/new/vincentp
12 silly lifecycle vincentp.me@1.0.0~test: Args: [ '-c', 'echo "Error: no test specified" && exit 1' ]
13 silly lifecycle vincentp.me@1.0.0~test: Returned: code: 1  signal: null
14 info lifecycle vincentp.me@1.0.0~test: Failed to exec test script
15 verbose stack Error: vincentp.me@1.0.0 test: `echo "Error: no test specified" && exit 1`
15 verbose stack Exit status 1
15 verbose stack     at EventEmitter.<anonymous> (/usr/local/lib/node_modules/npm/lib/utils/lifecycle.js:277:16)
15 verbose stack     at emitTwo (events.js:87:13)
15 verbose stack     at EventEmitter.emit (events.js:172:7)
15 verbose stack     at ChildProcess.<anonymous> (/usr/local/lib/node_modules/npm/lib/utils/spawn.js:40:14)
15 verbose stack     at emitTwo (events.js:87:13)
15 verbose stack     at ChildProcess.emit (events.js:172:7)
15 verbose stack     at maybeClose (internal/child_process.js:829:16)
15 verbose stack     at Process.ChildProcess._handle.onexit (internal/child_process.js:211:5)
16 verbose pkgid vincentp.me@1.0.0
17 verbose cwd /Users/vincentpickering/Sites/personal/new/vincentp
18 error Darwin 16.1.0
19 error argv "/usr/local/Cellar/node4-lts/4.5.0/bin/node" "/usr/local/bin/npm" "run" "test"
20 error node v4.5.0
21 error npm  v4.0.0
22 error code ELIFECYCLE
23 error vincentp.me@1.0.0 test: `echo "Error: no test specified" && exit 1`
23 error Exit status 1
24 error Failed at the vincentp.me@1.0.0 test script 'echo "Error: no test specified" && exit 1'.
24 error Make sure you have the latest version of node.js and npm installed.
24 error If you do, this is most likely a problem with the vincentp.me package,
24 error not with npm itself.
24 error Tell the author that this fails on your system:
24 error     echo "Error: no test specified" && exit 1
24 error You can get information on how to open an issue for this project with:
24 error     npm bugs vincentp.me
24 error Or if that isn't available, you can get their info via:
24 error     npm owner ls vincentp.me
24 error There is likely additional logging output above.
25 verbose exit [ 1, true ]
